2020-04-13 15:20:33 INFO  [restartedMain] === Starting DipsApplication on 汪攀印 with PID 24216 (E:\Program\maven\dips\target\classes started by 13940 in E:\Program\maven\dips)
2020-04-13 15:20:33 INFO  [restartedMain] === No active profile set, falling back to default profiles: default
2020-04-13 15:20:34 INFO  [restartedMain] === Devtools property defaults active! Set 'spring.devtools.add-properties' to 'false' to disable
2020-04-13 15:20:34 INFO  [restartedMain] === For additional web related logging consider setting the 'logging.level.web' property to 'DEBUG'
2020-04-13 15:20:35 INFO  [restartedMain] === Bean 'shiroConfig' of type [com.wpy.dips.config.ShiroConfig$$EnhancerBySpringCGLIB$$ebc85e06] is not eligible for getting processed by all BeanPostProcessors (for example: not eligible for auto-proxying)
2020-04-13 15:20:35 INFO  [restartedMain] === Bean 'hashedCredentialsMatcher' of type [org.apache.shiro.authc.credential.HashedCredentialsMatcher] is not eligible for getting processed by all BeanPostProcessors (for example: not eligible for auto-proxying)
2020-04-13 15:20:35 INFO  [restartedMain] === Bean 'mybatis-org.mybatis.spring.boot.autoconfigure.MybatisProperties' of type [org.mybatis.spring.boot.autoconfigure.MybatisProperties] is not eligible for getting processed by all BeanPostProcessors (for example: not eligible for auto-proxying)
2020-04-13 15:20:35 INFO  [restartedMain] === Bean 'org.mybatis.spring.boot.autoconfigure.MybatisAutoConfiguration' of type [org.mybatis.spring.boot.autoconfigure.MybatisAutoConfiguration$$EnhancerBySpringCGLIB$$fe82537f] is not eligible for getting processed by all BeanPostProcessors (for example: not eligible for auto-proxying)
2020-04-13 15:20:35 INFO  [restartedMain] === Bean 'org.springframework.boot.autoconfigure.jdbc.DataSourceConfiguration$Generic' of type [org.springframework.boot.autoconfigure.jdbc.DataSourceConfiguration$Generic] is not eligible for getting processed by all BeanPostProcessors (for example: not eligible for auto-proxying)
2020-04-13 15:20:35 INFO  [restartedMain] === Bean 'spring.datasource-org.springframework.boot.autoconfigure.jdbc.DataSourceProperties' of type [org.springframework.boot.autoconfigure.jdbc.DataSourceProperties] is not eligible for getting processed by all BeanPostProcessors (for example: not eligible for auto-proxying)
2020-04-13 15:20:35 INFO  [restartedMain] === Bean 'dataSource' of type [com.alibaba.druid.pool.DruidDataSource] is not eligible for getting processed by all BeanPostProcessors (for example: not eligible for auto-proxying)
2020-04-13 15:20:35 INFO  [restartedMain] === Bean 'org.springframework.boot.autoconfigure.jdbc.DataSourceInitializerInvoker' of type [org.springframework.boot.autoconfigure.jdbc.DataSourceInitializerInvoker] is not eligible for getting processed by all BeanPostProcessors (for example: not eligible for auto-proxying)
2020-04-13 15:20:36 INFO  [restartedMain] === Bean 'sqlSessionFactory' of type [org.apache.ibatis.session.defaults.DefaultSqlSessionFactory] is not eligible for getting processed by all BeanPostProcessors (for example: not eligible for auto-proxying)
2020-04-13 15:20:36 INFO  [restartedMain] === Bean 'sqlSessionTemplate' of type [org.mybatis.spring.SqlSessionTemplate] is not eligible for getting processed by all BeanPostProcessors (for example: not eligible for auto-proxying)
2020-04-13 15:20:36 INFO  [restartedMain] === Bean 'userDao' of type [org.mybatis.spring.mapper.MapperFactoryBean] is not eligible for getting processed by all BeanPostProcessors (for example: not eligible for auto-proxying)
2020-04-13 15:20:36 INFO  [restartedMain] === Bean 'userDao' of type [com.sun.proxy.$Proxy72] is not eligible for getting processed by all BeanPostProcessors (for example: not eligible for auto-proxying)
2020-04-13 15:20:36 INFO  [restartedMain] === Bean 'userServiceImpl' of type [com.wpy.dips.service.impl.UserServiceImpl] is not eligible for getting processed by all BeanPostProcessors (for example: not eligible for auto-proxying)
2020-04-13 15:20:36 INFO  [restartedMain] === Bean 'roleDao' of type [org.mybatis.spring.mapper.MapperFactoryBean] is not eligible for getting processed by all BeanPostProcessors (for example: not eligible for auto-proxying)
2020-04-13 15:20:36 INFO  [restartedMain] === Bean 'roleDao' of type [com.sun.proxy.$Proxy73] is not eligible for getting processed by all BeanPostProcessors (for example: not eligible for auto-proxying)
2020-04-13 15:20:36 INFO  [restartedMain] === Bean 'roleServiceImpl' of type [com.wpy.dips.service.impl.RoleServiceImpl] is not eligible for getting processed by all BeanPostProcessors (for example: not eligible for auto-proxying)
2020-04-13 15:20:36 INFO  [restartedMain] === Bean 'permissionDao' of type [org.mybatis.spring.mapper.MapperFactoryBean] is not eligible for getting processed by all BeanPostProcessors (for example: not eligible for auto-proxying)
2020-04-13 15:20:36 INFO  [restartedMain] === Bean 'permissionDao' of type [com.sun.proxy.$Proxy74] is not eligible for getting processed by all BeanPostProcessors (for example: not eligible for auto-proxying)
2020-04-13 15:20:36 INFO  [restartedMain] === Bean 'permissionServiceImpl' of type [com.wpy.dips.service.impl.PermissionServiceImpl] is not eligible for getting processed by all BeanPostProcessors (for example: not eligible for auto-proxying)
2020-04-13 15:20:36 INFO  [restartedMain] === Bean 'myUserPealm' of type [com.wpy.dips.realm.UserRealm] is not eligible for getting processed by all BeanPostProcessors (for example: not eligible for auto-proxying)
2020-04-13 15:20:36 INFO  [restartedMain] === Bean 'phoneRealm' of type [com.wpy.dips.realm.PhoneRealm] is not eligible for getting processed by all BeanPostProcessors (for example: not eligible for auto-proxying)
2020-04-13 15:20:37 INFO  [restartedMain] === Bean 'securityManager' of type [org.apache.shiro.web.mgt.DefaultWebSecurityManager] is not eligible for getting processed by all BeanPostProcessors (for example: not eligible for auto-proxying)
2020-04-13 15:20:37 INFO  [restartedMain] === Bean 'authorizationAttributeSourceAdvisor' of type [org.apache.shiro.spring.security.interceptor.AuthorizationAttributeSourceAdvisor] is not eligible for getting processed by all BeanPostProcessors (for example: not eligible for auto-proxying)
2020-04-13 15:20:37 INFO  [restartedMain] === Tomcat initialized with port(s): 8080 (http)
2020-04-13 15:20:37 INFO  [restartedMain] === Starting service [Tomcat]
2020-04-13 15:20:37 INFO  [restartedMain] === Starting Servlet engine: [Apache Tomcat/9.0.31]
2020-04-13 15:20:37 INFO  [restartedMain] === Initializing Spring embedded WebApplicationContext
2020-04-13 15:20:37 INFO  [restartedMain] === Root WebApplicationContext: initialization completed in 3428 ms
2020-04-13 15:20:37 INFO  [restartedMain] === Initializing ExecutorService 'applicationTaskExecutor'
2020-04-13 15:20:38 INFO  [restartedMain] === Adding welcome page template: index
2020-04-13 15:20:38 WARN  [restartedMain] === [THYMELEAF][restartedMain] Template Mode 'HTML5' is deprecated. Using Template Mode 'HTML' instead.
2020-04-13 15:20:39 INFO  [restartedMain] === LiveReload server is running on port 35729
2020-04-13 15:20:39 INFO  [restartedMain] === Tomcat started on port(s): 8080 (http) with context path ''
2020-04-13 15:20:39 INFO  [restartedMain] === Started DipsApplication in 6.043 seconds (JVM running for 7.554)
2020-04-13 15:20:42 INFO  [http-nio-8080-exec-1] === Initializing Spring DispatcherServlet 'dispatcherServlet'
2020-04-13 15:20:42 INFO  [http-nio-8080-exec-1] === Initializing Servlet 'dispatcherServlet'
2020-04-13 15:20:42 INFO  [http-nio-8080-exec-1] === Completed initialization in 20 ms
2020-04-13 15:20:42 INFO  [http-nio-8080-exec-1] === Url:/
2020-04-13 15:20:42 INFO  [http-nio-8080-exec-1] === Method:GET
2020-04-13 15:20:42 INFO  [http-nio-8080-exec-1] === IP:0:0:0:0:0:0:0:1
2020-04-13 15:20:42 INFO  [http-nio-8080-exec-1] === return:userPage/main
2020-04-13 15:20:43 INFO  [http-nio-8080-exec-1] === Url:/disaster/findAllDisaster
2020-04-13 15:20:43 INFO  [http-nio-8080-exec-1] === Method:POST
2020-04-13 15:20:43 INFO  [http-nio-8080-exec-1] === IP:0:0:0:0:0:0:0:1
2020-04-13 15:20:43 INFO  [http-nio-8080-exec-1] === {dataSource-1} inited
2020-04-13 15:20:43 INFO  [http-nio-8080-exec-1] === Url:/disaster/findAllDisaster
2020-04-13 15:20:43 INFO  [http-nio-8080-exec-1] === Method:POST
2020-04-13 15:20:43 INFO  [http-nio-8080-exec-1] === IP:0:0:0:0:0:0:0:1
2020-04-13 15:20:43 INFO  [http-nio-8080-exec-1] === return:Page{count=true, pageNum=1, pageSize=5, startRow=0, endRow=5, total=5, pages=1, reasonable=false, pageSizeZero=true}[Disaster(disasterid=34, name=测试二, type=台风, sysnopsis=测试内容, time=2018-06-05, address=中国北京东城, photo=/static/imgs/disasterImgs/af30d945-41&gp=0.jpg, hot=274, userid=3, user=null), Disaster(disasterid=38, name=测试六, type=大雪, sysnopsis=测试内容, time=2018-06-06, address=中国北京东城, photo=/static/imgs/disasterImgs/a6f3e2e1-a1&gp=0.jpg, hot=13, userid=3, user=null), Disaster(disasterid=37, name=测试五, type=火灾, sysnopsis=测试内容, time=2019-06-06, address=澳大利亚北部地区北帕默斯顿, photo=/static/imgs/disasterImgs/9da950d4-be79758.jpg, hot=9, userid=3, user=null), Disaster(disasterid=33, name=测试一, type=海啸, sysnopsis=测试内容, time=2019-06-05, address=中国湖北武汉, photo=/static/imgs/disasterImgs/5e10a672-61&gp=0.jpg, hot=7, userid=3, user=null), Disaster(disasterid=43, name=123, type=海啸, sysnopsis=123, time=2020-04-14, address=中国北京东城, photo=/static/imgs/disasterImgs/cc485bb5-6150893516.jpg, hot=1, userid=3, user=null)]
2020-04-13 15:20:43 INFO  [http-nio-8080-exec-1] === return:com.wpy.dips.util.ProcResult@6d8bda15
2020-04-13 15:20:51 INFO  [http-nio-8080-exec-7] === Url:/user/login
2020-04-13 15:20:51 INFO  [http-nio-8080-exec-7] === Method:POST
2020-04-13 15:20:51 INFO  [http-nio-8080-exec-7] === IP:0:0:0:0:0:0:0:1
2020-04-13 15:20:51 INFO  [http-nio-8080-exec-7] === argsusername,valuetom
2020-04-13 15:20:51 INFO  [http-nio-8080-exec-7] === argspassword,value123
2020-04-13 15:20:51 INFO  [http-nio-8080-exec-7] === Url:/user/login
2020-04-13 15:20:51 INFO  [http-nio-8080-exec-7] === Method:POST
2020-04-13 15:20:51 INFO  [http-nio-8080-exec-7] === IP:0:0:0:0:0:0:0:1
2020-04-13 15:20:51 INFO  [http-nio-8080-exec-7] === argsusername,valuetom
2020-04-13 15:20:51 INFO  [http-nio-8080-exec-7] === argspassword,value123
2020-04-13 15:20:51 INFO  [http-nio-8080-exec-7] === return:User(userid=3, username=tom, password=423efcaf56e5fd037d0f6a824b1fa835, phone=null, virtualname=汤姆, role=null, photo=/static/imgs/userImgs/9d700544-7test3.jpg)
2020-04-13 15:20:51 INFO  [http-nio-8080-exec-7] === Url:/user/login
2020-04-13 15:20:51 INFO  [http-nio-8080-exec-7] === Method:POST
2020-04-13 15:20:51 INFO  [http-nio-8080-exec-7] === IP:0:0:0:0:0:0:0:1
2020-04-13 15:20:51 INFO  [http-nio-8080-exec-7] === argsusername,valuetom
2020-04-13 15:20:51 INFO  [http-nio-8080-exec-7] === argspassword,value123
2020-04-13 15:20:51 INFO  [http-nio-8080-exec-7] === return:[政府用户]
2020-04-13 15:20:51 INFO  [http-nio-8080-exec-7] === Url:/user/login
2020-04-13 15:20:51 INFO  [http-nio-8080-exec-7] === Method:POST
2020-04-13 15:20:51 INFO  [http-nio-8080-exec-7] === IP:0:0:0:0:0:0:0:1
2020-04-13 15:20:51 INFO  [http-nio-8080-exec-7] === argsusername,valuetom
2020-04-13 15:20:51 INFO  [http-nio-8080-exec-7] === argspassword,value123
2020-04-13 15:20:51 INFO  [http-nio-8080-exec-7] === return:[user:delete, dis:update, user:query, user:update, news:query, news:update, dis:delete, dnt:query, dnt:update, dnt:add, dis:query, news:delete, dis:add]
2020-04-13 15:20:51 INFO  [http-nio-8080-exec-7] === Url:/user/login
2020-04-13 15:20:51 INFO  [http-nio-8080-exec-7] === Method:POST
2020-04-13 15:20:51 INFO  [http-nio-8080-exec-7] === IP:0:0:0:0:0:0:0:1
2020-04-13 15:20:51 INFO  [http-nio-8080-exec-7] === argsusername,valuetom
2020-04-13 15:20:51 INFO  [http-nio-8080-exec-7] === argspassword,value123
2020-04-13 15:20:51 INFO  [http-nio-8080-exec-7] === return:Role(roleid=4, rolename=政府用户)
2020-04-13 15:20:51 INFO  [http-nio-8080-exec-7] === return:com.wpy.dips.util.ProcResult@23da5a99
2020-04-13 15:20:51 INFO  [http-nio-8080-exec-1] === Url:/
2020-04-13 15:20:51 INFO  [http-nio-8080-exec-1] === Method:GET
2020-04-13 15:20:51 INFO  [http-nio-8080-exec-1] === IP:0:0:0:0:0:0:0:1
2020-04-13 15:20:51 INFO  [http-nio-8080-exec-1] === return:userPage/main
2020-04-13 15:20:51 INFO  [http-nio-8080-exec-5] === Url:/disaster/findAllDisaster
2020-04-13 15:20:51 INFO  [http-nio-8080-exec-5] === Method:POST
2020-04-13 15:20:51 INFO  [http-nio-8080-exec-5] === IP:0:0:0:0:0:0:0:1
2020-04-13 15:20:51 INFO  [http-nio-8080-exec-5] === Url:/disaster/findAllDisaster
2020-04-13 15:20:51 INFO  [http-nio-8080-exec-5] === Method:POST
2020-04-13 15:20:51 INFO  [http-nio-8080-exec-5] === IP:0:0:0:0:0:0:0:1
2020-04-13 15:20:51 INFO  [http-nio-8080-exec-5] === return:Page{count=true, pageNum=1, pageSize=5, startRow=0, endRow=5, total=5, pages=1, reasonable=false, pageSizeZero=true}[Disaster(disasterid=34, name=测试二, type=台风, sysnopsis=测试内容, time=2018-06-05, address=中国北京东城, photo=/static/imgs/disasterImgs/af30d945-41&gp=0.jpg, hot=274, userid=3, user=null), Disaster(disasterid=38, name=测试六, type=大雪, sysnopsis=测试内容, time=2018-06-06, address=中国北京东城, photo=/static/imgs/disasterImgs/a6f3e2e1-a1&gp=0.jpg, hot=13, userid=3, user=null), Disaster(disasterid=37, name=测试五, type=火灾, sysnopsis=测试内容, time=2019-06-06, address=澳大利亚北部地区北帕默斯顿, photo=/static/imgs/disasterImgs/9da950d4-be79758.jpg, hot=9, userid=3, user=null), Disaster(disasterid=33, name=测试一, type=海啸, sysnopsis=测试内容, time=2019-06-05, address=中国湖北武汉, photo=/static/imgs/disasterImgs/5e10a672-61&gp=0.jpg, hot=7, userid=3, user=null), Disaster(disasterid=43, name=123, type=海啸, sysnopsis=123, time=2020-04-14, address=中国北京东城, photo=/static/imgs/disasterImgs/cc485bb5-6150893516.jpg, hot=1, userid=3, user=null)]
2020-04-13 15:20:51 INFO  [http-nio-8080-exec-5] === return:com.wpy.dips.util.ProcResult@3042b7cd
2020-04-13 15:20:53 INFO  [http-nio-8080-exec-4] === Url:/disaster/jumpAddDisaster
2020-04-13 15:20:53 INFO  [http-nio-8080-exec-4] === Method:GET
2020-04-13 15:20:53 INFO  [http-nio-8080-exec-4] === IP:0:0:0:0:0:0:0:1
2020-04-13 15:20:53 INFO  [http-nio-8080-exec-4] === return:userPage/addDisaster
2020-04-13 15:21:02 INFO  [http-nio-8080-exec-8] === Url:/disaster/addDisaster
2020-04-13 15:21:02 INFO  [http-nio-8080-exec-8] === Method:POST
2020-04-13 15:21:02 INFO  [http-nio-8080-exec-8] === IP:0:0:0:0:0:0:0:1
2020-04-13 15:21:02 INFO  [http-nio-8080-exec-8] === argsname,value123
2020-04-13 15:21:02 INFO  [http-nio-8080-exec-8] === argstime,value2020-04-09
2020-04-13 15:21:02 INFO  [http-nio-8080-exec-8] === argstype,value台风
2020-04-13 15:21:02 INFO  [http-nio-8080-exec-8] === argsaddress,value中国北京东城
2020-04-13 15:21:02 INFO  [http-nio-8080-exec-8] === argssysnopsis,value123
2020-04-13 15:21:02 INFO  [http-nio-8080-exec-8] === Url:/disaster/addDisaster
2020-04-13 15:21:02 INFO  [http-nio-8080-exec-8] === Method:POST
2020-04-13 15:21:02 INFO  [http-nio-8080-exec-8] === IP:0:0:0:0:0:0:0:1
2020-04-13 15:21:02 INFO  [http-nio-8080-exec-8] === argsname,value123
2020-04-13 15:21:02 INFO  [http-nio-8080-exec-8] === argstime,value2020-04-09
2020-04-13 15:21:02 INFO  [http-nio-8080-exec-8] === argstype,value台风
2020-04-13 15:21:02 INFO  [http-nio-8080-exec-8] === argsaddress,value中国北京东城
2020-04-13 15:21:02 INFO  [http-nio-8080-exec-8] === argssysnopsis,value123
2020-04-13 15:21:02 INFO  [http-nio-8080-exec-8] === return:1
2020-04-13 15:21:02 INFO  [http-nio-8080-exec-8] === return:com.wpy.dips.util.ProcResult@18c49f57
2020-04-13 15:21:04 INFO  [http-nio-8080-exec-4] === Url:/disaster/jumpDisasterInfo/44
2020-04-13 15:21:04 INFO  [http-nio-8080-exec-4] === Method:GET
2020-04-13 15:21:04 INFO  [http-nio-8080-exec-4] === IP:0:0:0:0:0:0:0:1
2020-04-13 15:21:04 INFO  [http-nio-8080-exec-4] === Url:/disaster/jumpDisasterInfo/44
2020-04-13 15:21:04 INFO  [http-nio-8080-exec-4] === Method:GET
2020-04-13 15:21:04 INFO  [http-nio-8080-exec-4] === IP:0:0:0:0:0:0:0:1
2020-04-13 15:21:04 INFO  [http-nio-8080-exec-4] === return:true
2020-04-13 15:21:04 INFO  [http-nio-8080-exec-4] === Url:/disaster/jumpDisasterInfo/44
2020-04-13 15:21:04 INFO  [http-nio-8080-exec-4] === Method:GET
2020-04-13 15:21:04 INFO  [http-nio-8080-exec-4] === IP:0:0:0:0:0:0:0:1
2020-04-13 15:21:04 INFO  [http-nio-8080-exec-4] === return:Disaster(disasterid=44, name=123, type=台风, sysnopsis=123, time=2020-04-09, address=中国北京东城, photo=/static/imgs/disasterImgs/9cbcfa8e-9{$5FQA.jpg, hot=1, userid=3, user=null)
2020-04-13 15:21:04 INFO  [http-nio-8080-exec-4] === return:userPage/disasterInfo
2020-04-13 15:21:05 INFO  [http-nio-8080-exec-2] === Url:/disaster/findDisData/44
2020-04-13 15:21:05 INFO  [http-nio-8080-exec-2] === Method:GET
2020-04-13 15:21:05 INFO  [http-nio-8080-exec-2] === IP:0:0:0:0:0:0:0:1
2020-04-13 15:21:05 INFO  [http-nio-8080-exec-2] === Url:/disaster/findDisData/44
2020-04-13 15:21:05 INFO  [http-nio-8080-exec-2] === Method:GET
2020-04-13 15:21:05 INFO  [http-nio-8080-exec-2] === IP:0:0:0:0:0:0:0:1
2020-04-13 15:21:05 INFO  [http-nio-8080-exec-2] === return:[]
2020-04-13 15:21:05 INFO  [http-nio-8080-exec-2] === return:com.wpy.dips.util.ProcResult@3e41997a
